#
# A fatal error has been detected by the Java Runtime Environment:
#
#  EXCEPTION_ACCESS_VIOLATION (0xc0000005) at pc=0x00007ffe4443e047, pid=19808, tid=4092
#
# JRE version: Java(TM) SE Runtime Environment (17.0.2+8) (build 17.0.2+8-LTS-86)
# Java VM: Java HotSpot(TM) 64-Bit Server VM (17.0.2+8-LTS-86, mixed mode, sharing, tiered, compressed oops, compressed class ptrs, g1 gc, windows-amd64)
# Problematic frame:
# C  [lwjgl_opengl.dll+0xe047]
#
# No core dump will be written. Minidumps are not enabled by default on client versions of Windows
#
# If you would like to submit a bug report, please visit:
#   https://bugreport.java.com/bugreport/crash.jsp
# The crash happened outside the Java Virtual Machine in native code.
# See problematic frame for where to report the bug.
#

---------------  S U M M A R Y ------------

Command Line: -Dfile.encoding=Cp1252 -XX:+ShowCodeDetailsInExceptionMessages flex.RenderDemo

Host: AMD Ryzen 9 3900X 12-Core Processor            , 24 cores, 63G,  Windows 10 , 64 bit Build 19041 (10.0.19041.1741)
Time: Sat Jul 23 19:57:27 2022 Eastern Daylight Time elapsed time: 0.139270 seconds (0d 0h 0m 0s)

---------------  T H R E A D  ---------------

Current thread (0x000002299e85a610):  JavaThread "main" [_thread_in_native, id=4092, stack(0x000000d31ec00000,0x000000d31ed00000)]

Stack: [0x000000d31ec00000,0x000000d31ed00000],  sp=0x000000d31ecff1a8,  free space=1020k
Native frames: (J=compiled Java code, j=interpreted, Vv=VM code, C=native code)
C  [lwjgl_opengl.dll+0xe047]

Java frames: (J=compiled Java code, j=interpreted, Vv=VM code)
j  org.lwjgl.opengl.GL20C.glCreateProgram()I+0
j  org.lwjgl.opengl.GL20.glCreateProgram()I+0
j  flex.ShaderProgram.<init>()V+5
j  flex.Renderer.init()V+5
j  flex.RenderDemo.main([Ljava/lang/String;)V+17
v  ~StubRoutines::call_stub

siginfo: EXCEPTION_ACCESS_VIOLATION (0xc0000005), reading address 0x0000000000000e20


Register to memory mapping:

RIP=0x00007ffe4443e047 lwjgl_opengl.dll
RAX=0x00000229e060eb70 points into unknown readable memory: 0x0000000000000000 | 00 00 00 00 00 00 00 00
RBX={method} {0x00000229e00df498} 'glCreateProgram' '()I' in 'org/lwjgl/opengl/GL20C'
RCX=0x0 is NULL
RDX=0x000000d31ecff230 is pointing into the stack for thread: 0x000002299e85a610
RSP=0x000000d31ecff1a8 is pointing into the stack for thread: 0x000002299e85a610
RBP=0x000000d31ecff220 is pointing into the stack for thread: 0x000002299e85a610
RSI=0x000000d31ecff7f0 is pointing into the stack for thread: 0x000002299e85a610
RDI=0x000002299e85a610 is a thread
R8 =0x0000000000000002 is an unknown value
R9 =0x0000000000000002 is an unknown value
R10=0x00000229a60bd5f2 is at code_begin+946 in an Interpreter codelet
method entry point (kind = native)  [0x00000229a60bd240, 0x00000229a60bdbc0]  2432 bytes
R11=0x0000000440900bb8 is an oop: java.lang.Class 
{0x0000000440900bb8} - klass: 'java/lang/Class'
 - ---- fields (total size 54 words):
 - private volatile transient 'classRedefinedCount' 'I' @12  0
 - private volatile transient 'cachedConstructor' 'Ljava/lang/reflect/Constructor;' @40  NULL (0)
 - private transient 'name' 'Ljava/lang/String;' @44  "org.lwjgl.opengl.GL20C"{0x0000000440900d78} (881201af)
 - private transient 'module' 'Ljava/lang/Module;' @48  a 'java/lang/Module'{0x00000004410698a8} (8820d315)
 - private final 'classLoader' 'Ljava/lang/ClassLoader;' @52  a 'jdk/internal/loader/ClassLoaders$AppClassLoader'{0x00000004410696e8} (8820d2dd)
 - private transient 'classData' 'Ljava/lang/Object;' @56  NULL (0)
 - private transient 'packageName' 'Ljava/lang/String;' @60  "org.lwjgl.opengl"{0x0000000441484808} (88290901)
 - private final 'componentType' 'Ljava/lang/Class;' @64  NULL (0)
 - private volatile transient 'reflectionData' 'Ljava/lang/ref/SoftReference;' @68  NULL (0)
 - private volatile transient 'genericInfo' 'Lsun/reflect/generics/repository/ClassRepository;' @72  NULL (0)
 - private volatile transient 'enumConstants' '[Ljava/lang/Object;' @76  NULL (0)
 - private volatile transient 'enumConstantDirectory' 'Ljava/util/Map;' @80  NULL (0)
 - private volatile transient 'annotationData' 'Ljava/lang/Class$AnnotationData;' @84  NULL (0)
 - private volatile transient 'annotationType' 'Lsun/reflect/annotation/AnnotationType;' @88  NULL (0)
 - transient 'classValueMap' 'Ljava/lang/ClassValue$ClassValueMap;' @92  NULL (0)
 - signature: Lorg/lwjgl/opengl/GL20C;
 - fake entry for mirror: 'org/lwjgl/opengl/GL20C'
 - fake entry for array: NULL
 - fake entry for oop_size: 54
 - fake entry for static_oop_field_count: 0
 - public static final 'GL_SHADING_LANGUAGE_VERSION' 'I' @112  35724 (8b8c)
 - public static final 'GL_CURRENT_PROGRAM' 'I' @116  35725 (8b8d)
 - public static final 'GL_SHADER_TYPE' 'I' @120  35663 (8b4f)
 - public static final 'GL_DELETE_STATUS' 'I' @124  35712 (8b80)
 - public static final 'GL_COMPILE_STATUS' 'I' @128  35713 (8b81)
 - public static final 'GL_LINK_STATUS' 'I' @132  35714 (8b82)
 - public static final 'GL_VALIDATE_STATUS' 'I' @136  35715 (8b83)
 - public static final 'GL_INFO_LOG_LENGTH' 'I' @140  35716 (8b84)
 - public static final 'GL_ATTACHED_SHADERS' 'I' @144  35717 (8b85)
 - public static final 'GL_ACTIVE_UNIFORMS' 'I' @148  35718 (8b86)
 - public static final 'GL_ACTIVE_UNIFORM_MAX_LENGTH' 'I' @152  35719 (8b87)
 - public static final 'GL_ACTIVE_ATTRIBUTES' 'I' @156  35721 (8b89)
 - public static final 'GL_ACTIVE_ATTRIBUTE_MAX_LENGTH' 'I' @160  35722 (8b8a)
 - public static final 'GL_SHADER_SOURCE_LENGTH' 'I' @164  35720 (8b88)
 - public static final 'GL_FLOAT_VEC2' 'I' @168  35664 (8b50)
 - public static final 'GL_FLOAT_VEC3' 'I' @172  35665 (8b51)
 - public static final 'GL_FLOAT_VEC4' 'I' @176  35666 (8b52)
 - public static final 'GL_INT_VEC2' 'I' @180  35667 (8b53)
 - public static final 'GL_INT_VEC3' 'I' @184  35668 (8b54)
 - public static final 'GL_INT_VEC4' 'I' @188  35669 (8b55)
 - public static final 'GL_BOOL' 'I' @192  35670 (8b56)
 - public static final 'GL_BOOL_VEC2' 'I' @196  35671 (8b57)
 - public static final 'GL_BOOL_VEC3' 'I' @200  35672 (8b58)
 - public static final 'GL_BOOL_VEC4' 'I' @204  35673 (8b59)
 - public static final 'GL_FLOAT_MAT2' 'I' @208  35674 (8b5a)
 - public static final 'GL_FLOAT_MAT3' 'I' @212  35675 (8b5b)
 - public static final 'GL_FLOAT_MAT4' 'I' @216  35676 (8b5c)
 - public static final 'GL_SAMPLER_1D' 'I' @220  35677 (8b5d)
 - public static final 'GL_SAMPLER_2D' 'I' @224  35678 (8b5e)
 - public static final 'GL_SAMPLER_3D' 'I' @228  35679 (8b5f)
 - public static final 'GL_SAMPLER_CUBE' 'I' @232  35680 (8b60)
 - public static final 'GL_SAMPLER_1D_SHADOW' 'I' @236  35681 (8b61)
 - public static final 'GL_SAMPLER_2D_SHADOW' 'I' @240  35682 (8b62)
 - public static final 'GL_VERTEX_SHADER' 'I' @244  35633 (8b31)
 - public static final 'GL_MAX_VERTEX_UNIFORM_COMPONENTS' 'I' @248  35658 (8b4a)
 - public static final 'GL_MAX_VARYING_FLOATS' 'I' @252  35659 (8b4b)
 - public static final 'GL_MAX_VERTEX_ATTRIBS' 'I' @256  34921 (8869)
 - public static final 'GL_MAX_TEXTURE_IMAGE_UNITS' 'I' @260  34930 (8872)
 - public static final 'GL_MAX_VERTEX_TEXTURE_IMAGE_UNITS' 'I' @264  35660 (8b4c)
 - public static final 'GL_MAX_COMBINED_TEXTURE_IMAGE_UNITS' 'I' @268  35661 (8b4d)
 - public static final 'GL_VERTEX_PROGRAM_POINT_SIZE' 'I' @272  34370 (8642)
 - public static final 'GL_VERTEX_ATTRIB_ARRAY_ENABLED' 'I' @276  34338 (8622)
 - public static final 'GL_VERTEX_ATTRIB_ARRAY_SIZE' 'I' @280  34339 (8623)
 - public static final 'GL_VERTEX_ATTRIB_ARRAY_STRIDE' 'I' @284  34340 (8624)
 - public static final 'GL_VERTEX_ATTRIB_ARRAY_TYPE' 'I' @288  34341 (8625)
 - public static final 'GL_VERTEX_ATTRIB_ARRAY_NORMALIZED' 'I' @292  34922 (886a)
 - public static final 'GL_CURRENT_VERTEX_ATTRIB' 'I' @296  34342 (8626)
 - public static final 'GL_VERTEX_ATTRIB_ARRAY_POINTER' 'I' @300  34373 (8645)
 - public static final 'GL_FRAGMENT_SHADER' 'I' @304  35632 (8b30)
 - public static final 'GL_MAX_FRAGMENT_UNIFORM_COMPONENTS' 'I' @308  35657 (8b49)
 - public static final 'GL_FRAGMENT_SHADER_DERIVATIVE_HINT' 'I' @312  35723 (8b8b)
 - public static final 'GL_MAX_DRAW_BUFFERS' 'I' @316  34852 (8824)
 - public static final 'GL_DRAW_BUFFER0' 'I' @320  34853 (8825)
 - public static final 'GL_DRAW_BUFFER1' 'I' @324  34854 (8826)
 - public static final 'GL_DRAW_BUFFER2' 'I' @328  34855 (8827)
 - public static final 'GL_DRAW_BUFFER3' 'I' @332  34856 (8828)
 - public static final 'GL_DRAW_BUFFER4' 'I' @336  34857 (8829)
 - public static final 'GL_DRAW_BUFFER5' 'I' @340  34858 (882a)
 - public static final 'GL_DRAW_BUFFER6' 'I' @344  34859 (882b)
 - public static final 'GL_DRAW_BUFFER7' 'I' @348  34860 (882c)
 - public static final 'GL_DRAW_BUFFER8' 'I' @352  34861 (882d)
 - public static final 'GL_DRAW_BUFFER9' 'I' @356  34862 (882e)
 - public static final 'GL_DRAW_BUFFER10' 'I' @360  34863 (882f)
 - public static final 'GL_DRAW_BUFFER11' 'I' @364  34864 (8830)
 - public static final 'GL_DRAW_BUFFER12' 'I' @368  34865 (8831)
 - public static final 'GL_DRAW_BUFFER13' 'I' @372  34866 (8832)
 - public static final 'GL_DRAW_BUFFER14' 'I' @376  34867 (8833)
 - public static final 'GL_DRAW_BUFFER15' 'I' @380  34868 (8834)
 - public static final 'GL_POINT_SPRITE_COORD_ORIGIN' 'I' @384  36000 (8ca0)
 - public static final 'GL_LOWER_LEFT' 'I' @388  36001 (8ca1)
 - public static final 'GL_UPPER_LEFT' 'I' @392  36002 (8ca2)
 - public static final 'GL_BLEND_EQUATION_RGB' 'I' @396  32777 (8009)
 - public static final 'GL_BLEND_EQUATION_ALPHA' 'I' @400  34877 (883d)
 - public static final 'GL_STENCIL_BACK_FUNC' 'I' @404  34816 (8800)
 - public static final 'GL_STENCIL_BACK_FAIL' 'I' @408  34817 (8801)
 - public static final 'GL_STENCIL_BACK_PASS_DEPTH_FAIL' 'I' @412  34818 (8802)
 - public static final 'GL_STENCIL_BACK_PASS_DEPTH_PASS' 'I' @416  34819 (8803)
 - public static final 'GL_STENCIL_BACK_REF' 'I' @420  36003 (8ca3)
 - public static final 'GL_STENCIL_BACK_VALUE_MASK' 'I' @424  36004 (8ca4)
 - public static final 'GL_STENCIL_BACK_WRITEMASK' 'I' @428  36005 (8ca5)
R12=0x0 is NULL
R13=0x00000229e00df488 is pointing into metadata
R14=0x000000d31ecff238 is pointing into the stack for thread: 0x000002299e85a610
R15=0x000002299e85a610 is a thread


Registers:
RAX=0x00000229e060eb70, RBX=0x00000229e00df490, RCX=0x0000000000000000, RDX=0x000000d31ecff230
RSP=0x000000d31ecff1a8, RBP=0x000000d31ecff220, RSI=0x000000d31ecff7f0, RDI=0x000002299e85a610
R8 =0x0000000000000002, R9 =0x0000000000000002, R10=0x00000229a60bd5f2, R11=0x0000000440900bb8
R12=0x0000000000000000, R13=0x00000229e00df488, R14=0x000000d31ecff238, R15=0x000002299e85a610
RIP=0x00007ffe4443e047, EFLAGS=0x0000000000010206

Top of Stack: (sp=0x000000d31ecff1a8)
0x000000d31ecff1a8:   00000229a60bd621 00000229e00df490
0x000000d31ecff1b8:   000000d31ecff7f0 000002299e85a610
0x000000d31ecff1c8:   000000d31ecff210 00000229a60bd2f6
0x000000d31ecff1d8:   000000d31ecff1d8 00000229e00df488
0x000000d31ecff1e8:   000000d31ecff238 00000229e010abe8
0x000000d31ecff1f8:   0000000000000000 0000000440900bb8
0x000000d31ecff208:   00000229e00df490 0000000000000000
0x000000d31ecff218:   000000d31ecff240 000000d31ecff288
0x000000d31ecff228:   00000229a60b9612 0000000440900bb8
0x000000d31ecff238:   00000229a60baf76 000000d31ecff240
0x000000d31ecff248:   00000229e0007f10 000000d31ecff290
0x000000d31ecff258:   00000229e0064ea0 0000000000000000
0x000000d31ecff268:   00000004416194f8 00000229e0007f28
0x000000d31ecff278:   000000d31ecff240 000000d31ecff298
0x000000d31ecff288:   000000d31ecff2e8 00000229a60b9612
0x000000d31ecff298:   00000004410a1510 000000d31ecff2a0 

Instructions: (pc=0x00007ffe4443e047)
0x00007ffe4443df47:   8b c8 4c 8b 50 18 49 ff a2 e0 0d 00 00 cc cc cc
0x00007ffe4443df57:   cc cc cc cc cc cc cc cc cc 48 8b 01 49 8b d1 41
0x00007ffe4443df67:   8b c8 4c 8b 50 18 49 ff a2 e8 0d 00 00 cc cc cc
0x00007ffe4443df77:   cc cc cc cc cc cc cc cc cc 48 8b 01 48 8b 48 18
0x00007ffe4443df87:   48 8b 81 f0 0d 00 00 41 8b c8 48 ff e0 cc cc cc
0x00007ffe4443df97:   cc cc cc cc cc cc cc cc cc 48 8b 01 41 8b d1 41
0x00007ffe4443dfa7:   8b c8 4c 8b 50 18 49 ff a2 f8 0d 00 00 cc cc cc
0x00007ffe4443dfb7:   cc cc cc cc cc cc cc cc cc 48 8b 01 41 8b c8 48
0x00007ffe4443dfc7:   8b 50 18 48 ff a2 00 0e 00 00 cc cc cc cc cc cc
0x00007ffe4443dfd7:   cc cc cc cc cc cc cc cc cc 48 8b 01 45 8b d8 4c
0x00007ffe4443dfe7:   8b 44 24 28 41 8b d1 41 8b cb 4c 8b 50 18 49 ff
0x00007ffe4443dff7:   a2 08 0e 00 00 cc cc cc cc 48 8b 01 45 8b d8 4c
0x00007ffe4443e007:   8b 44 24 28 41 8b d1 41 8b cb 4c 8b 50 18 49 ff
0x00007ffe4443e017:   a2 10 0e 00 00 cc cc cc cc 48 8b 01 45 8b d8 4c
0x00007ffe4443e027:   8b 44 24 28 41 8b d1 41 8b cb 4c 8b 50 18 49 ff
0x00007ffe4443e037:   a2 18 0e 00 00 cc cc cc cc 48 8b 01 48 8b 48 18
0x00007ffe4443e047:   48 8b 81 20 0e 00 00 48 ff e0 cc cc cc cc cc cc
0x00007ffe4443e057:   cc cc cc cc cc cc cc cc cc 48 8b 01 41 8b c8 48
0x00007ffe4443e067:   8b 50 18 48 ff a2 28 0e 00 00 cc cc cc cc cc cc
0x00007ffe4443e077:   cc cc cc cc cc cc cc cc cc 48 8b 01 48 8b 48 18
0x00007ffe4443e087:   48 8b 81 30 0e 00 00 41 8b c8 48 ff e0 cc cc cc
0x00007ffe4443e097:   cc cc cc cc cc cc cc cc cc 48 8b 01 48 8b 48 18
0x00007ffe4443e0a7:   48 8b 81 38 0e 00 00 41 8b c8 48 ff e0 cc cc cc
0x00007ffe4443e0b7:   cc cc cc cc cc cc cc cc cc 48 8b 01 41 8b c8 48
0x00007ffe4443e0c7:   8b 50 18 48 ff a2 40 0e 00 00 cc cc cc cc cc cc
0x00007ffe4443e0d7:   cc cc cc cc cc cc cc cc cc 48 8b 01 48 8b 48 18
0x00007ffe4443e0e7:   48 8b 81 48 0e 00 00 41 8b c8 48 ff e0 cc cc cc
0x00007ffe4443e0f7:   cc cc cc cc cc cc cc cc cc 48 8b 01 41 8b d1 41
0x00007ffe4443e107:   8b c8 4c 8b 50 18 49 ff a2 50 0e 00 00 cc cc cc
0x00007ffe4443e117:   cc cc cc cc cc cc cc cc cc 48 8b 01 41 8b d1 41
0x00007ffe4443e127:   8b c8 4c 8b 50 18 49 ff a2 58 0e 00 00 cc cc cc
0x00007ffe4443e137:   cc cc cc cc cc cc cc cc cc 40 53 48 8b 01 41 8b 


Stack slot to memory mapping:
stack at sp + 0 slots: 0x00000229a60bd621 is at code_begin+993 in an Interpreter codelet
method entry point (kind = native)  [0x00000229a60bd240, 0x00000229a60bdbc0]  2432 bytes
stack at sp + 1 slots: {method} {0x00000229e00df498} 'glCreateProgram' '()I' in 'org/lwjgl/opengl/GL20C'
stack at sp + 2 slots: 0x000000d31ecff7f0 is pointing into the stack for thread: 0x000002299e85a610
stack at sp + 3 slots: 0x000002299e85a610 is a thread
stack at sp + 4 slots: 0x000000d31ecff210 is pointing into the stack for thread: 0x000002299e85a610
stack at sp + 5 slots: 0x00000229a60bd2f6 is at code_begin+182 in an Interpreter codelet
method entry point (kind = native)  [0x00000229a60bd240, 0x00000229a60bdbc0]  2432 bytes
stack at sp + 6 slots: 0x000000d31ecff1d8 is pointing into the stack for thread: 0x000002299e85a610
stack at sp + 7 slots: 0x00000229e00df488 is pointing into metadata


---------------  P R O C E S S  ---------------

Threads class SMR info:
_java_thread_list=0x00000229df66f200, length=14, elements={
0x000002299e85a610, 0x00000229df53c5a0, 0x00000229df53dac0, 0x00000229df5539f0,
0x00000229df5552c0, 0x00000229df556530, 0x00000229df55b410, 0x00000229df561920,
0x00000229df564500, 0x00000229df576e10, 0x00000229df688510, 0x00000229df68aa30,
0x00000229df6c5de0, 0x00000229df6d04c0
}

Java Threads: ( => current thread )
=>0x000002299e85a610 JavaThread "main" [_thread_in_native, id=4092, stack(0x000000d31ec00000,0x000000d31ed00000)]
  0x00000229df53c5a0 JavaThread "Reference Handler" daemon [_thread_blocked, id=17776, stack(0x000000d31f300000,0x000000d31f400000)]
  0x00000229df53dac0 JavaThread "Finalizer" daemon [_thread_blocked, id=19104, stack(0x000000d31f400000,0x000000d31f500000)]
  0x00000229df5539f0 JavaThread "Signal Dispatcher" daemon [_thread_blocked, id=14536, stack(0x000000d31f500000,0x000000d31f600000)]
  0x00000229df5552c0 JavaThread "Attach Listener" daemon [_thread_blocked, id=16800, stack(0x000000d31f600000,0x000000d31f700000)]
  0x00000229df556530 JavaThread "Service Thread" daemon [_thread_blocked, id=14352, stack(0x000000d31f700000,0x000000d31f800000)]
  0x00000229df55b410 JavaThread "Monitor Deflation Thread" daemon [_thread_blocked, id=19600, stack(0x000000d31f800000,0x000000d31f900000)]
  0x00000229df561920 JavaThread "C2 CompilerThread0" daemon [_thread_blocked, id=20456, stack(0x000000d31f900000,0x000000d31fa00000)]
  0x00000229df564500 JavaThread "C1 CompilerThread0" daemon [_thread_blocked, id=17676, stack(0x000000d31fa00000,0x000000d31fb00000)]
  0x00000229df576e10 JavaThread "Sweeper thread" daemon [_thread_blocked, id=2056, stack(0x000000d31fb00000,0x000000d31fc00000)]
  0x00000229df688510 JavaThread "C1 CompilerThread1" daemon [_thread_blocked, id=15516, stack(0x000000d31fc00000,0x000000d31fd00000)]
  0x00000229df68aa30 JavaThread "C1 CompilerThread2" daemon [_thread_blocked, id=12020, stack(0x000000d31fd00000,0x000000d31fe00000)]
  0x00000229df6c5de0 JavaThread "Notification Thread" daemon [_thread_blocked, id=19832, stack(0x000000d31fe00000,0x000000d31ff00000)]
  0x00000229df6d04c0 JavaThread "Common-Cleaner" daemon [_thread_blocked, id=17128, stack(0x000000d320000000,0x000000d320100000)]

Other Threads:
  0x00000229df534d70 VMThread "VM Thread" [stack: 0x000000d31f200000,0x000000d31f300000] [id=4436]
  0x00000229de143150 WatcherThread [stack: 0x000000d31ff00000,0x000000d320000000] [id=18512]
  0x000002299e910290 GCTaskThread "GC Thread#0" [stack: 0x000000d31ed00000,0x000000d31ee00000] [id=10956]
  0x000002299e8742a0 ConcurrentGCThread "G1 Main Marker" [stack: 0x000000d31ee00000,0x000000d31ef00000] [id=13420]
  0x000002299e923f20 ConcurrentGCThread "G1 Conc#0" [stack: 0x000000d31ef00000,0x000000d31f000000] [id=19032]
  0x000002299e92eb90 ConcurrentGCThread "G1 Refine#0" [stack: 0x000000d31f000000,0x000000d31f100000] [id=17660]
  0x00000229de2df560 ConcurrentGCThread "G1 Service" [stack: 0x000000d31f100000,0x000000d31f200000] [id=6004]

Threads with active compile tasks:

VM state: not at safepoint (normal execution)

VM Mutex/Monitor currently owned by a thread: None

Heap address: 0x0000000401800000, size: 16360 MB, Compressed Oops mode: Zero based, Oop shift amount: 3

CDS archive(s) mapped at: [0x0000000800000000-0x0000000800bc0000-0x0000000800bc0000), size 12320768, SharedBaseAddress: 0x0000000800000000, ArchiveRelocationMode: 0.
Compressed class space mapped at: 0x0000000800c00000-0x0000000840c00000, reserved size: 1073741824
Narrow klass base: 0x0000000800000000, Narrow klass shift: 0, Narrow klass range: 0x100000000

GC Precious Log:
 CPUs: 24 total, 24 available
 Memory: 65422M
 Large Page Support: Disabled
 NUMA Support: Disabled
 Compressed Oops: Enabled (Zero based)
 Heap Region Size: 8M
 Heap Min Capacity: 8M
 Heap Initial Capacity: 1G
 Heap Max Capacity: 16360M
 Pre-touch: Disabled
 Parallel Workers: 18
 Concurrent Workers: 5
 Concurrent Refinement Workers: 18
 Periodic GC: Disabled

Heap:
 garbage-first heap   total 1048576K, used 8192K [0x0000000401800000, 0x0000000800000000)
  region size 8192K, 2 young (16384K), 0 survivors (0K)
 Metaspace       used 2255K, committed 2432K, reserved 1056768K
  class space    used 140K, committed 256K, reserved 1048576K

Heap Regions: E=young(eden), S=young(survivor), O=old, HS=humongous(starts), HC=humongous(continues), CS=collection set, F=free, OA=open archive, CA=closed archive, TAMS=top-at-mark-start (previous, next)
|   0|0x0000000401800000, 0x0000000401800000, 0x0000000402000000|  0%| F|  |TAMS 0x0000000401800000, 0x0000000401800000| Untracked 
|   1|0x0000000402000000, 0x0000000402000000, 0x0000000402800000|  0%| F|  |TAMS 0x0000000402000000, 0x0000000402000000| Untracked 
|   2|0x0000000402800000, 0x0000000402800000, 0x0000000403000000|  0%| F|  |TAMS 0x0000000402800000, 0x0000000402800000| Untracked 
|   3|0x0000000403000000, 0x0000000403000000, 0x0000000403800000|  0%| F|  |TAMS 0x0000000403000000, 0x0000000403000000| Untracked 
|   4|0x0000000403800000, 0x0000000403800000, 0x0000000404000000|  0%| F|  |TAMS 0x0000000403800000, 0x0000000403800000| Untracked 
|   5|0x0000000404000000, 0x0000000404000000, 0x0000000404800000|  0%| F|  |TAMS 0x0000000404000000, 0x0000000404000000| Untracked 
|   6|0x0000000404800000, 0x0000000404800000, 0x0000000405000000|  0%| F|  |TAMS 0x0000000404800000, 0x0000000404800000| Untracked 
|   7|0x0000000405000000, 0x0000000405000000, 0x0000000405800000|  0%| F|  |TAMS 0x0000000405000000, 0x0000000405000000| Untracked 
|   8|0x0000000405800000, 0x0000000405800000, 0x0000000406000000|  0%| F|  |TAMS 0x0000000405800000, 0x0000000405800000| Untracked 
|   9|0x0000000406000000, 0x0000000406000000, 0x0000000406800000|  0%| F|  |TAMS 0x0000000406000000, 0x0000000406000000| Untracked 
|  10|0x0000000406800000, 0x0000000406800000, 0x0000000407000000|  0%| F|  |TAMS 0x0000000406800000, 0x0000000406800000| Untracked 
|  11|0x0000000407000000, 0x0000000407000000, 0x0000000407800000|  0%| F|  |TAMS 0x0000000407000000, 0x0000000407000000| Untracked 
|  12|0x0000000407800000, 0x0000000407800000, 0x0000000408000000|  0%| F|  |TAMS 0x0000000407800000, 0x0000000407800000| Untracked 
|  13|0x0000000408000000, 0x0000000408000000, 0x0000000408800000|  0%| F|  |TAMS 0x0000000408000000, 0x0000000408000000| Untracked 
|  14|0x0000000408800000, 0x0000000408800000, 0x0000000409000000|  0%| F|  |TAMS 0x0000000408800000, 0x0000000408800000| Untracked 
|  15|0x0000000409000000, 0x0000000409000000, 0x0000000409800000|  0%| F|  |TAMS 0x0000000409000000, 0x0000000409000000| Untracked 
|  16|0x0000000409800000, 0x0000000409800000, 0x000000040a000000|  0%| F|  |TAMS 0x0000000409800000, 0x0000000409800000| Untracked 
|  17|0x000000040a000000, 0x000000040a000000, 0x000000040a800000|  0%| F|  |TAMS 0x000000040a000000, 0x000000040a000000| Untracked 
|  18|0x000000040a800000, 0x000000040a800000, 0x000000040b000000|  0%| F|  |TAMS 0x000000040a800000, 0x000000040a800000| Untracked 
|  19|0x000000040b000000, 0x000000040b000000, 0x000000040b800000|  0%| F|  |TAMS 0x000000040b000000, 0x000000040b000000| Untracked 
|  20|0x000000040b800000, 0x000000040b800000, 0x000000040c000000|  0%| F|  |TAMS 0x000000040b800000, 0x000000040b800000| Untracked 
|  21|0x000000040c000000, 0x000000040c000000, 0x000000040c800000|  0%| F|  |TAMS 0x000000040c000000, 0x000000040c000000| Untracked 
|  22|0x000000040c800000, 0x000000040c800000, 0x000000040d000000|  0%| F|  |TAMS 0x000000040c800000, 0x000000040c800000| Untracked 
|  23|0x000000040d000000, 0x000000040d000000, 0x000000040d800000|  0%| F|  |TAMS 0x000000040d000000, 0x000000040d000000| Untracked 
|  24|0x000000040d800000, 0x000000040d800000, 0x000000040e000000|  0%| F|  |TAMS 0x000000040d800000, 0x000000040d800000| Untracked 
|  25|0x000000040e000000, 0x000000040e000000, 0x000000040e800000|  0%| F|  |TAMS 0x000000040e000000, 0x000000040e000000| Untracked 
|  26|0x000000040e800000, 0x000000040e800000, 0x000000040f000000|  0%| F|  |TAMS 0x000000040e800000, 0x000000040e800000| Untracked 
|  27|0x000000040f000000, 0x000000040f000000, 0x000000040f800000|  0%| F|  |TAMS 0x000000040f000000, 0x000000040f000000| Untracked 
|  28|0x000000040f800000, 0x000000040f800000, 0x0000000410000000|  0%| F|  |TAMS 0x000000040f800000, 0x000000040f800000| Untracked 
|  29|0x0000000410000000, 0x0000000410000000, 0x0000000410800000|  0%| F|  |TAMS 0x0000000410000000, 0x0000000410000000| Untracked 
|  30|0x0000000410800000, 0x0000000410800000, 0x0000000411000000|  0%| F|  |TAMS 0x0000000410800000, 0x0000000410800000| Untracked 
|  31|0x0000000411000000, 0x0000000411000000, 0x0000000411800000|  0%| F|  |TAMS 0x0000000411000000, 0x0000000411000000| Untracked 
|  32|0x0000000411800000, 0x0000000411800000, 0x0000000412000000|  0%| F|  |TAMS 0x0000000411800000, 0x0000000411800000| Untracked 
|  33|0x0000000412000000, 0x0000000412000000, 0x0000000412800000|  0%| F|  |TAMS 0x0000000412000000, 0x0000000412000000| Untracked 
|  34|0x0000000412800000, 0x0000000412800000, 0x0000000413000000|  0%| F|  |TAMS 0x0000000412800000, 0x0000000412800000| Untracked 
|  35|0x0000000413000000, 0x0000000413000000, 0x0000000413800000|  0%| F|  |TAMS 0x0000000413000000, 0x0000000413000000| Untracked 
|  36|0x0000000413800000, 0x0000000413800000, 0x0000000414000000|  0%| F|  |TAMS 0x0000000413800000, 0x0000000413800000| Untracked 
|  37|0x0000000414000000, 0x0000000414000000, 0x0000000414800000|  0%| F|  |TAMS 0x0000000414000000, 0x0000000414000000| Untracked 
|  38|0x0000000414800000, 0x0000000414800000, 0x0000000415000000|  0%| F|  |TAMS 0x0000000414800000, 0x0000000414800000| Untracked 
|  39|0x0000000415000000, 0x0000000415000000, 0x0000000415800000|  0%| F|  |TAMS 0x0000000415000000, 0x0000000415000000| Untracked 
|  40|0x0000000415800000, 0x0000000415800000, 0x0000000416000000|  0%| F|  |TAMS 0x0000000415800000, 0x0000000415800000| Untracked 
|  41|0x0000000416000000, 0x0000000416000000, 0x0000000416800000|  0%| F|  |TAMS 0x0000000416000000, 0x0000000416000000| Untracked 
|  42|0x0000000416800000, 0x0000000416800000, 0x0000000417000000|  0%| F|  |TAMS 0x0000000416800000, 0x0000000416800000| Untracked 
|  43|0x0000000417000000, 0x0000000417000000, 0x0000000417800000|  0%| F|  |TAMS 0x0000000417000000, 0x0000000417000000| Untracked 
|  44|0x0000000417800000, 0x0000000417800000, 0x0000000418000000|  0%| F|  |TAMS 0x0000000417800000, 0x0000000417800000| Untracked 
|  45|0x0000000418000000, 0x0000000418000000, 0x0000000418800000|  0%| F|  |TAMS 0x0000000418000000, 0x0000000418000000| Untracked 
|  46|0x0000000418800000, 0x0000000418800000, 0x0000000419000000|  0%| F|  |TAMS 0x0000000418800000, 0x0000000418800000| Untracked 
|  47|0x0000000419000000, 0x0000000419000000, 0x0000000419800000|  0%| F|  |TAMS 0x0000000419000000, 0x0000000419000000| Untracked 
|  48|0x0000000419800000, 0x0000000419800000, 0x000000041a000000|  0%| F|  |TAMS 0x0000000419800000, 0x0000000419800000| Untracked 
|  49|0x000000041a000000, 0x000000041a000000, 0x000000041a800000|  0%| F|  |TAMS 0x000000041a000000, 0x000000041a000000| Untracked 
|  50|0x000000041a800000, 0x000000041a800000, 0x000000041b000000|  0%| F|  |TAMS 0x000000041a800000, 0x000000041a800000| Untracked 
|  51|0x000000041b000000, 0x000000041b000000, 0x000000041b800000|  0%| F|  |TAMS 0x000000041b000000, 0x000000041b000000| Untracked 
|  52|0x000000041b800000, 0x000000041b800000, 0x000000041c000000|  0%| F|  |TAMS 0x000000041b800000, 0x000000041b800000| Untracked 
|  53|0x000000041c000000, 0x000000041c000000, 0x000000041c800000|  0%| F|  |TAMS 0x000000041c000000, 0x000000041c000000| Untracked 
|  54|0x000000041c800000, 0x000000041c800000, 0x000000041d000000|  0%| F|  |TAMS 0x000000041c800000, 0x000000041c800000| Untracked 
|  55|0x000000041d000000, 0x000000041d000000, 0x000000041d800000|  0%| F|  |TAMS 0x000000041d000000, 0x000000041d000000| Untracked 
|  56|0x000000041d800000, 0x000000041d800000, 0x000000041e000000|  0%| F|  |TAMS 0x000000041d800000, 0x000000041d800000| Untracked 
|  57|0x000000041e000000, 0x000000041e000000, 0x000000041e800000|  0%| F|  |TAMS 0x000000041e000000, 0x000000041e000000| Untracked 
|  58|0x000000041e800000, 0x000000041e800000, 0x000000041f000000|  0%| F|  |TAMS 0x000000041e800000, 0x000000041e800000| Untracked 
|  59|0x000000041f000000, 0x000000041f000000, 0x000000041f800000|  0%| F|  |TAMS 0x000000041f000000, 0x000000041f000000| Untracked 
|  60|0x000000041f800000, 0x000000041f800000, 0x0000000420000000|  0%| F|  |TAMS 0x000000041f800000, 0x000000041f800000| Untracked 
|  61|0x0000000420000000, 0x0000000420000000, 0x0000000420800000|  0%| F|  |TAMS 0x0000000420000000, 0x0000000420000000| Untracked 
|  62|0x0000000420800000, 0x0000000420800000, 0x0000000421000000|  0%| F|  |TAMS 0x0000000420800000, 0x0000000420800000| Untracked 
|  63|0x0000000421000000, 0x0000000421000000, 0x0000000421800000|  0%| F|  |TAMS 0x0000000421000000, 0x0000000421000000| Untracked 
|  64|0x0000000421800000, 0x0000000421800000, 0x0000000422000000|  0%| F|  |TAMS 0x0000000421800000, 0x0000000421800000| Untracked 
|  65|0x0000000422000000, 0x0000000422000000, 0x0000000422800000|  0%| F|  |TAMS 0x0000000422000000, 0x0000000422000000| Untracked 
|  66|0x0000000422800000, 0x0000000422800000, 0x0000000423000000|  0%| F|  |TAMS 0x0000000422800000, 0x0000000422800000| Untracked 
|  67|0x0000000423000000, 0x0000000423000000, 0x0000000423800000|  0%| F|  |TAMS 0x0000000423000000, 0x0000000423000000| Untracked 
|  68|0x0000000423800000, 0x0000000423800000, 0x0000000424000000|  0%| F|  |TAMS 0x0000000423800000, 0x0000000423800000| Untracked 
|  69|0x0000000424000000, 0x0000000424000000, 0x0000000424800000|  0%| F|  |TAMS 0x0000000424000000, 0x0000000424000000| Untracked 
|  70|0x0000000424800000, 0x0000000424800000, 0x0000000425000000|  0%| F|  |TAMS 0x0000000424800000, 0x0000000424800000| Untracked 
|  71|0x0000000425000000, 0x0000000425000000, 0x0000000425800000|  0%| F|  |TAMS 0x0000000425000000, 0x0000000425000000| Untracked 
|  72|0x0000000425800000, 0x0000000425800000, 0x0000000426000000|  0%| F|  |TAMS 0x0000000425800000, 0x0000000425800000| Untracked 
|  73|0x0000000426000000, 0x0000000426000000, 0x0000000426800000|  0%| F|  |TAMS 0x0000000426000000, 0x0000000426000000| Untracked 
|  74|0x0000000426800000, 0x0000000426800000, 0x0000000427000000|  0%| F|  |TAMS 0x0000000426800000, 0x0000000426800000| Untracked 
|  75|0x0000000427000000, 0x0000000427000000, 0x0000000427800000|  0%| F|  |TAMS 0x0000000427000000, 0x0000000427000000| Untracked 
|  76|0x0000000427800000, 0x0000000427800000, 0x0000000428000000|  0%| F|  |TAMS 0x0000000427800000, 0x0000000427800000| Untracked 
|  77|0x0000000428000000, 0x0000000428000000, 0x0000000428800000|  0%| F|  |TAMS 0x0000000428000000, 0x0000000428000000| Untracked 
|  78|0x0000000428800000, 0x0000000428800000, 0x0000000429000000|  0%| F|  |TAMS 0x0000000428800000, 0x0000000428800000| Untracked 
|  79|0x0000000429000000, 0x0000000429000000, 0x0000000429800000|  0%| F|  |TAMS 0x0000000429000000, 0x0000000429000000| Untracked 
|  80|0x0000000429800000, 0x0000000429800000, 0x000000042a000000|  0%| F|  |TAMS 0x0000000429800000, 0x0000000429800000| Untracked 
|  81|0x000000042a000000, 0x000000042a000000, 0x000000042a800000|  0%| F|  |TAMS 0x000000042a000000, 0x000000042a000000| Untracked 
|  82|0x000000042a800000, 0x000000042a800000, 0x000000042b000000|  0%| F|  |TAMS 0x000000042a800000, 0x000000042a800000| Untracked 
|  83|0x000000042b000000, 0x000000042b000000, 0x000000042b800000|  0%| F|  |TAMS 0x000000042b000000, 0x000000042b000000| Untracked 
|  84|0x000000042b800000, 0x000000042b800000, 0x000000042c000000|  0%| F|  |TAMS 0x000000042b800000, 0x000000042b800000| Untracked 
|  85|0x000000042c000000, 0x000000042c000000, 0x000000042c800000|  0%| F|  |TAMS 0x000000042c000000, 0x000000042c000000| Untracked 
|  86|0x000000042c800000, 0x000000042c800000, 0x000000042d000000|  0%| F|  |TAMS 0x000000042c800000, 0x000000042c800000| Untracked 
|  87|0x000000042d000000, 0x000000042d000000, 0x000000042d800000|  0%| F|  |TAMS 0x000000042d000000, 0x000000042d000000| Untracked 
|  88|0x000000042d800000, 0x000000042d800000, 0x000000042e000000|  0%| F|  |TAMS 0x000000042d800000, 0x000000042d800000| Untracked 
|  89|0x000000042e000000, 0x000000042e000000, 0x000000042e800000|  0%| F|  |TAMS 0x000000042e000000, 0x000000042e000000| Untracked 
|  90|0x000000042e800000, 0x000000042e800000, 0x000000042f000000|  0%| F|  |TAMS 0x000000042e800000, 0x000000042e800000| Untracked 
|  91|0x000000042f000000, 0x000000042f000000, 0x000000042f800000|  0%| F|  |TAMS 0x000000042f000000, 0x000000042f000000| Untracked 
|  92|0x000000042f800000, 0x000000042f800000, 0x0000000430000000|  0%| F|  |TAMS 0x000000042f800000, 0x000000042f800000| Untracked 
|  93|0x0000000430000000, 0x0000000430000000, 0x0000000430800000|  0%| F|  |TAMS 0x0000000430000000, 0x0000000430000000| Untracked 
|  94|0x0000000430800000, 0x0000000430800000, 0x0000000431000000|  0%| F|  |TAMS 0x0000000430800000, 0x0000000430800000| Untracked 
|  95|0x0000000431000000, 0x0000000431000000, 0x0000000431800000|  0%| F|  |TAMS 0x0000000431000000, 0x0000000431000000| Untracked 
|  96|0x0000000431800000, 0x0000000431800000, 0x0000000432000000|  0%| F|  |TAMS 0x0000000431800000, 0x0000000431800000| Untracked 
|  97|0x0000000432000000, 0x0000000432000000, 0x0000000432800000|  0%| F|  |TAMS 0x0000000432000000, 0x0000000432000000| Untracked 
|  98|0x0000000432800000, 0x0000000432800000, 0x0000000433000000|  0%| F|  |TAMS 0x0000000432800000, 0x0000000432800000| Untracked 
|  99|0x0000000433000000, 0x0000000433000000, 0x0000000433800000|  0%| F|  |TAMS 0x0000000433000000, 0x0000000433000000| Untracked 
| 100|0x0000000433800000, 0x0000000433800000, 0x0000000434000000|  0%| F|  |TAMS 0x0000000433800000, 0x0000000433800000| Untracked 
| 101|0x0000000434000000, 0x0000000434000000, 0x0000000434800000|  0%| F|  |TAMS 0x0000000434000000, 0x0000000434000000| Untracked 
| 102|0x0000000434800000, 0x0000000434800000, 0x0000000435000000|  0%| F|  |TAMS 0x0000000434800000, 0x0000000434800000| Untracked 
| 103|0x0000000435000000, 0x0000000435000000, 0x0000000435800000|  0%| F|  |TAMS 0x0000000435000000, 0x0000000435000000| Untracked 
| 104|0x0000000435800000, 0x0000000435800000, 0x0000000436000000|  0%| F|  |TAMS 0x0000000435800000, 0x0000000435800000| Untracked 
| 105|0x0000000436000000, 0x0000000436000000, 0x0000000436800000|  0%| F|  |TAMS 0x0000000436000000, 0x0000000436000000| Untracked 
| 106|0x0000000436800000, 0x0000000436800000, 0x0000000437000000|  0%| F|  |TAMS 0x0000000436800000, 0x0000000436800000| Untracked 
| 107|0x0000000437000000, 0x0000000437000000, 0x0000000437800000|  0%| F|  |TAMS 0x0000000437000000, 0x0000000437000000| Untracked 
| 108|0x0000000437800000, 0x0000000437800000, 0x0000000438000000|  0%| F|  |TAMS 0x0000000437800000, 0x0000000437800000| Untracked 
| 109|0x0000000438000000, 0x0000000438000000, 0x0000000438800000|  0%| F|  |TAMS 0x0000000438000000, 0x0000000438000000| Untracked 
| 110|0x0000000438800000, 0x0000000438800000, 0x0000000439000000|  0%| F|  |TAMS 0x0000000438800000, 0x0000000438800000| Untracked 
| 111|0x0000000439000000, 0x0000000439000000, 0x0000000439800000|  0%| F|  |TAMS 0x0000000439000000, 0x0000000439000000| Untracked 
| 112|0x0000000439800000, 0x0000000439800000, 0x000000043a000000|  0%| F|  |TAMS 0x0000000439800000, 0x0000000439800000| Untracked 
| 113|0x000000043a000000, 0x000000043a000000, 0x000000043a800000|  0%| F|  |TAMS 0x000000043a000000, 0x000000043a000000| Untracked 
| 114|0x000000043a800000, 0x000000043a800000, 0x000000043b000000|  0%| F|  |TAMS 0x000000043a800000, 0x000000043a800000| Untracked 
| 115|0x000000043b000000, 0x000000043b000000, 0x000000043b800000|  0%| F|  |TAMS 0x000000043b000000, 0x000000043b000000| Untracked 
| 116|0x000000043b800000, 0x000000043b800000, 0x000000043c000000|  0%| F|  |TAMS 0x000000043b800000, 0x000000043b800000| Untracked 
| 117|0x000000043c000000, 0x000000043c000000, 0x000000043c800000|  0%| F|  |TAMS 0x000000043c000000, 0x000000043c000000| Untracked 
| 118|0x000000043c800000, 0x000000043c800000, 0x000000043d000000|  0%| F|  |TAMS 0x000000043c800000, 0x000000043c800000| Untracked 
| 119|0x000000043d000000, 0x000000043d000000, 0x000000043d800000|  0%| F|  |TAMS 0x000000043d000000, 0x000000043d000000| Untracked 
| 120|0x000000043d800000, 0x000000043d800000, 0x000000043e000000|  0%| F|  |TAMS 0x000000043d800000, 0x000000043d800000| Untracked 
| 121|0x000000043e000000, 0x000000043e000000, 0x000000043e800000|  0%| F|  |TAMS 0x000000043e000000, 0x000000043e000000| Untracked 
| 122|0x000000043e800000, 0x000000043e800000, 0x000000043f000000|  0%| F|  |TAMS 0x000000043e800000, 0x000000043e800000| Untracked 
| 123|0x000000043f000000, 0x000000043f000000, 0x000000043f800000|  0%| F|  |TAMS 0x000000043f000000, 0x000000043f000000| Untracked 
| 124|0x000000043f800000, 0x000000043f800000, 0x0000000440000000|  0%| F|  |TAMS 0x000000043f800000, 0x000000043f800000| Untracked 
| 125|0x0000000440000000, 0x0000000440000000, 0x0000000440800000|  0%| F|  |TAMS 0x0000000440000000, 0x0000000440000000| Untracked 
| 126|0x0000000440800000, 0x00000004409f5aa8, 0x0000000441000000| 24%| E|  |TAMS 0x0000000440800000, 0x0000000440800000| Complete 
| 127|0x0000000441000000, 0x0000000441800000, 0x0000000441800000|100%| E|CS|TAMS 0x0000000441000000, 0x0000000441000000| Complete 

Card table byte_map: [0x00000229b7e90000,0x00000229b9e90000] _byte_map_base: 0x00000229b5e84000

Marking Bits (Prev, Next): (CMBitMap*) 0x000002299e9127d0, (CMBitMap*) 0x000002299e912810
 Prev Bits: [0x00000229bbe90000, 0x00000229cbe30000)
 Next Bits: [0x00000229cbe30000, 0x00000229dbdd0000)

Polling page: 0x000002299c4d0000

Metaspace:

Usage:
  Non-class:      2.06 MB used.
      Class:    140.90 KB used.
       Both:      2.20 MB used.

Virtual space:
  Non-class space:        8.00 MB reserved,       2.12 MB ( 27%) committed,  1 nodes.
      Class space:        1.00 GB reserved,     256.00 KB ( <1%) committed,  1 nodes.
             Both:        1.01 GB reserved,       2.38 MB ( <1%) committed. 

Chunk freelists:
   Non-Class:  2.94 MB
       Class:  3.67 MB
        Both:  6.60 MB

MaxMetaspaceSize: unlimited
CompressedClassSpaceSize: 1.00 GB
Initial GC threshold: 21.00 MB
Current GC threshold: 21.00 MB
CDS: on
MetaspaceReclaimPolicy: balanced
 - commit_granule_bytes: 65536.
 - commit_granule_words: 8192.
 - virtual_space_node_default_size: 1048576.
 - enlarge_chunks_in_place: 1.
 - new_chunks_are_fully_committed: 0.
 - uncommit_free_chunks: 1.
 - use_allocation_guard: 0.
 - handle_deallocations: 1.


Internal statistics:

num_allocs_failed_limit: 0.
num_arena_births: 62.
num_arena_deaths: 0.
num_vsnodes_births: 2.
num_vsnodes_deaths: 0.
num_space_committed: 38.
num_space_uncommitted: 0.
num_chunks_returned_to_freelist: 0.
num_chunks_taken_from_freelist: 120.
num_chunk_merges: 0.
num_chunk_splits: 77.
num_chunks_enlarged: 49.
num_purges: 0.
num_inconsistent_stats: 0.

CodeHeap 'non-profiled nmethods': size=119168Kb used=122Kb max_used=122Kb free=119045Kb
 bounds [0x00000229adc50000, 0x00000229adec0000, 0x00000229b50b0000]
CodeHeap 'profiled nmethods': size=119104Kb used=736Kb max_used=736Kb free=118367Kb
 bounds [0x00000229a6800000, 0x00000229a6a70000, 0x00000229adc50000]
CodeHeap 'non-nmethods': size=7488Kb used=2288Kb max_used=2302Kb free=5199Kb
 bounds [0x00000229a60b0000, 0x00000229a6320000, 0x00000229a6800000]
 total_blobs=929 nmethods=472 adapters=368
 compilation: enabled
              stopped_count=0, restarted_count=0
 full_count=0

Compilation events (20 events):
Event: 0.132 Thread 0x00000229df564500  463       3       sun.net.util.IPAddressUtil::scan (92 bytes)
Event: 0.133 Thread 0x00000229df688510 nmethod 462 0x00000229a68ad210 code [0x00000229a68ad4c0, 0x00000229a68ae048]
Event: 0.133 Thread 0x00000229df564500 nmethod 463 0x00000229a68ae490 code [0x00000229a68ae700, 0x00000229a68af238]
Event: 0.133 Thread 0x00000229df688510  465       3       java.lang.Integer::toUnsignedLong (7 bytes)
Event: 0.133 Thread 0x00000229df564500  466       3       sun.misc.Unsafe::putLong (11 bytes)
Event: 0.133 Thread 0x00000229df688510 nmethod 465 0x00000229a68af790 code [0x00000229a68af920, 0x00000229a68afa18]
Event: 0.133 Thread 0x00000229df688510  467       3       org.lwjgl.system.MemoryUtil::memPutAddress (29 bytes)
Event: 0.133 Thread 0x00000229df564500 nmethod 466 0x00000229a68afa90 code [0x00000229a68afc20, 0x00000229a68afd38]
Event: 0.133 Thread 0x00000229df68aa30 nmethod 460 0x00000229a68afe10 code [0x00000229a68b0100, 0x00000229a68b1258]
Event: 0.133 Thread 0x00000229df688510 nmethod 467 0x00000229a68b1810 code [0x00000229a68b19c0, 0x00000229a68b1bb8]
Event: 0.134 Thread 0x00000229df688510  468       3       java.lang.ref.PhantomReference::<init> (7 bytes)
Event: 0.134 Thread 0x00000229df688510 nmethod 468 0x00000229a68b1c90 code [0x00000229a68b1e40, 0x00000229a68b2138]
Event: 0.134 Thread 0x00000229df688510  469   !   3       jdk.internal.loader.URLClassPath$JarLoader::getResource (354 bytes)
Event: 0.134 Thread 0x00000229df68aa30  470       3       sun.net.www.ParseUtil::firstEncodeIndex (86 bytes)
Event: 0.135 Thread 0x00000229df564500  471       3       jdk.internal.ref.PhantomCleanable::<init> (49 bytes)
Event: 0.135 Thread 0x00000229df68aa30 nmethod 470 0x00000229a68b2210 code [0x00000229a68b2460, 0x00000229a68b2e48]
Event: 0.135 Thread 0x00000229df68aa30  472   !   3       jdk.internal.ref.PhantomCleanable::insert (53 bytes)
Event: 0.135 Thread 0x00000229df68aa30 nmethod 472 0x00000229a68b3210 code [0x00000229a68b33c0, 0x00000229a68b3758]
Event: 0.135 Thread 0x00000229df564500 nmethod 471 0x00000229a68b3910 code [0x00000229a68b3b60, 0x00000229a68b46b8]
Event: 0.135 Thread 0x00000229df688510 nmethod 469 0x00000229a68b4a10 code [0x00000229a68b4ea0, 0x00000229a68b6f98]

GC Heap History (0 events):
No events

Deoptimization events (4 events):
Event: 0.110 Thread 0x000002299e85a610 DEOPT PACKING pc=0x00000229a681a0e7 sp=0x000000d31ecfba40
Event: 0.110 Thread 0x000002299e85a610 DEOPT UNPACKING pc=0x00000229a6102b43 sp=0x000000d31ecfae60 mode 0
Event: 0.119 Thread 0x000002299e85a610 DEOPT PACKING pc=0x00000229a6807d51 sp=0x000000d31ecf7b60
Event: 0.119 Thread 0x000002299e85a610 DEOPT UNPACKING pc=0x00000229a6102b43 sp=0x000000d31ecf6fd8 mode 0

Classes unloaded (0 events):
No events

Classes redefined (0 events):
No events

Internal exceptions (18 events):
Event: 0.072 Thread 0x000002299e85a610 Exception <a 'java/lang/NoSuchMethodError'{0x000000044165b9b0}: 'void java.lang.invoke.DirectMethodHandle$Holder.invokeStatic(java.lang.Object, java.lang.Object)'> (0x000000044165b9b0) 
thrown [t:\workspace\open\src\hotspot\share\interpreter\linkResolver.cpp, line 766]
Event: 0.075 Thread 0x000002299e85a610 Exception <a 'java/lang/NoSuchMethodError'{0x00000004416692e8}: 'void java.lang.invoke.DirectMethodHandle$Holder.invokeSpecial(java.lang.Object, java.lang.Object, java.lang.Object)'> (0x00000004416692e8) 
thrown [t:\workspace\open\src\hotspot\share\interpreter\linkResolver.cpp, line 766]
Event: 0.077 Thread 0x000002299e85a610 Exception <a 'java/lang/NoSuchMethodError'{0x000000044167dc40}: 'java.lang.Object java.lang.invoke.DirectMethodHandle$Holder.invokeStatic(java.lang.Object, java.lang.Object, int)'> (0x000000044167dc40) 
thrown [t:\workspace\open\src\hotspot\share\interpreter\linkResolver.cpp, line 766]
Event: 0.078 Thread 0x000002299e85a610 Exception <a 'java/lang/NoSuchMethodError'{0x0000000441689aa8}: 'void java.lang.invoke.DelegatingMethodHandle$Holder.delegate(java.lang.Object, java.lang.Object, int, java.lang.Object)'> (0x0000000441689aa8) 
thrown [t:\workspace\open\src\hotspot\share\interpreter\linkResolver.cpp, line 766]
Event: 0.078 Thread 0x000002299e85a610 Exception <a 'java/lang/NoSuchMethodError'{0x000000044168dce8}: 'int java.lang.invoke.DirectMethodHandle$Holder.invokeSpecial(java.lang.Object, java.lang.Object, java.lang.Object)'> (0x000000044168dce8) 
thrown [t:\workspace\open\src\hotspot\share\interpreter\linkResolver.cpp, line 766]
Event: 0.105 Thread 0x000002299e85a610 Exception <a 'sun/nio/fs/WindowsException'{0x000000044174b288}> (0x000000044174b288) 
thrown [t:\workspace\open\src\hotspot\share\prims\jni.cpp, line 516]
Event: 0.105 Thread 0x000002299e85a610 Exception <a 'sun/nio/fs/WindowsException'{0x000000044174b7d0}> (0x000000044174b7d0) 
thrown [t:\workspace\open\src\hotspot\share\prims\jni.cpp, line 516]
Event: 0.114 Thread 0x000002299e85a610 Exception <a 'sun/nio/fs/WindowsException'{0x00000004417c06e0}> (0x00000004417c06e0) 
thrown [t:\workspace\open\src\hotspot\share\prims\jni.cpp, line 516]
Event: 0.114 Thread 0x000002299e85a610 Exception <a 'sun/nio/fs/WindowsException'{0x00000004417c0a70}> (0x00000004417c0a70) 
thrown [t:\workspace\open\src\hotspot\share\prims\jni.cpp, line 516]
Event: 0.117 Thread 0x000002299e85a610 Exception <a 'sun/nio/fs/WindowsException'{0x00000004417cab18}> (0x00000004417cab18) 
thrown [t:\workspace\open\src\hotspot\share\prims\jni.cpp, line 516]
Event: 0.117 Thread 0x000002299e85a610 Exception <a 'sun/nio/fs/WindowsException'{0x00000004417cade8}> (0x00000004417cade8) 
thrown [t:\workspace\open\src\hotspot\share\prims\jni.cpp, line 516]
Event: 0.120 Thread 0x000002299e85a610 Exception <a 'java/lang/NoSuchMethodError'{0x00000004417fd6d8}: 'java.lang.Object java.lang.invoke.DirectMethodHandle$Holder.invokeStaticInit(java.lang.Object)'> (0x00000004417fd6d8) 
thrown [t:\workspace\open\src\hotspot\share\interpreter\linkResolver.cpp, line 766]
Event: 0.123 Thread 0x000002299e85a610 Exception <a 'java/lang/NoSuchMethodError'{0x0000000440816e50}: 'int java.lang.invoke.DirectMethodHandle$Holder.invokeStaticInit(java.lang.Object, java.lang.Object, int, long)'> (0x0000000440816e50) 
thrown [t:\workspace\open\src\hotspot\share\interpreter\linkResolver.cpp, line 766]
Event: 0.123 Thread 0x000002299e85a610 Exception <a 'java/lang/NoSuchMethodError'{0x000000044081c9c0}: 'java.lang.Object java.lang.invoke.DirectMethodHandle$Holder.newInvokeSpecial(java.lang.Object, java.lang.Object, int)'> (0x000000044081c9c0) 
thrown [t:\workspace\open\src\hotspot\share\interpreter\linkResolver.cpp, line 766]
Event: 0.124 Thread 0x000002299e85a610 Exception <a 'java/lang/NoSuchMethodError'{0x000000044082b7c8}: 'int java.lang.invoke.DirectMethodHandle$Holder.invokeStaticInit(java.lang.Object, java.lang.Object, long, long)'> (0x000000044082b7c8) 
thrown [t:\workspace\open\src\hotspot\share\interpreter\linkResolver.cpp, line 766]
Event: 0.125 Thread 0x000002299e85a610 Exception <a 'java/lang/NoSuchMethodError'{0x0000000440831b80}: 'java.lang.Object java.lang.invoke.DirectMethodHandle$Holder.newInvokeSpecial(java.lang.Object, java.lang.Object, long)'> (0x0000000440831b80) 
thrown [t:\workspace\open\src\hotspot\share\interpreter\linkResolver.cpp, line 766]
Event: 0.125 Thread 0x000002299e85a610 Exception <a 'java/lang/NoSuchMethodError'{0x0000000440835e70}: 'java.lang.Object java.lang.invoke.Invokers$Holder.linkToTargetMethod(java.lang.Object, long, java.lang.Object)'> (0x0000000440835e70) 
thrown [t:\workspace\open\src\hotspot\share\interpreter\linkResolver.cpp, line 766]
Event: 0.126 Thread 0x000002299e85a610 Exception <a 'java/lang/NoSuchMethodError'{0x000000044083d588}: 'int java.lang.invoke.DirectMethodHandle$Holder.invokeStaticInit(java.lang.Object, java.lang.Object, java.lang.Object, long)'> (0x000000044083d588) 
thrown [t:\workspace\open\src\hotspot\share\interpreter\linkResolver.cpp, line 766]

VM Operations (2 events):
Event: 0.049 Executing VM operation: HandshakeAllThreads
Event: 0.049 Executing VM operation: HandshakeAllThreads done

Events (20 events):
Event: 0.121 loading class java/nio/DirectDoubleBufferU
Event: 0.121 loading class java/nio/DirectDoubleBufferU done
Event: 0.121 loading class sun/misc/Unsafe
Event: 0.121 loading class sun/misc/Unsafe done
Event: 0.122 loading class jdk/internal/reflect/UnsafeFieldAccessorFactory
Event: 0.122 loading class jdk/internal/reflect/UnsafeFieldAccessorFactory done
Event: 0.122 loading class jdk/internal/reflect/UnsafeQualifiedStaticObjectFieldAccessorImpl
Event: 0.122 loading class jdk/internal/reflect/UnsafeQualifiedStaticFieldAccessorImpl
Event: 0.122 loading class jdk/internal/reflect/UnsafeQualifiedStaticFieldAccessorImpl done
Event: 0.122 loading class jdk/internal/reflect/UnsafeQualifiedStaticObjectFieldAccessorImpl done
Event: 0.122 loading class java/util/function/LongPredicate
Event: 0.122 loading class java/util/function/LongPredicate done
Event: 0.124 loading class jdk/internal/access/foreign/MemorySegmentProxy
Event: 0.124 loading class jdk/internal/access/foreign/MemorySegmentProxy done
Event: 0.127 loading class java/nio/InvalidMarkException
Event: 0.127 loading class java/nio/InvalidMarkException done
Event: 0.127 loading class java/nio/BufferUnderflowException
Event: 0.127 loading class java/nio/BufferUnderflowException done
Event: 0.128 loading class java/lang/IndexOutOfBoundsException
Event: 0.128 loading class java/lang/IndexOutOfBoundsException done


Dynamic libraries:
0x00007ff7988a0000 - 0x00007ff7988b0000 	C:\Program Files\Java\jdk-17.0.2\bin\javaw.exe
0x00007ffe659b0000 - 0x00007ffe65ba7000 	C:\Windows\SYSTEM32\ntdll.dll
0x00007ffe65850000 - 0x00007ffe6590d000 	C:\Windows\System32\KERNEL32.DLL
0x00007ffe630d0000 - 0x00007ffe6339d000 	C:\Windows\System32\KERNELBASE.dll
0x00007ffe63700000 - 0x00007ffe63800000 	C:\Windows\System32\ucrtbase.dll
0x00007ffe56e70000 - 0x00007ffe56e88000 	C:\Program Files\Java\jdk-17.0.2\bin\jli.dll
0x00007ffe51200000 - 0x00007ffe5121a000 	C:\Program Files\Java\jdk-17.0.2\bin\VCRUNTIME140.dll
0x00007ffe65510000 - 0x00007ffe655be000 	C:\Windows\System32\ADVAPI32.dll
0x00007ffe64990000 - 0x00007ffe64a2e000 	C:\Windows\System32\msvcrt.dll
0x00007ffe655c0000 - 0x00007ffe6565c000 	C:\Windows\System32\sechost.dll
0x00007ffe641d0000 - 0x00007ffe642f5000 	C:\Windows\System32\RPCRT4.dll
0x00007ffe63f20000 - 0x00007ffe640c0000 	C:\Windows\System32\USER32.dll
0x00007ffe63660000 - 0x00007ffe63682000 	C:\Windows\System32\win32u.dll
0x00007ffe4f620000 - 0x00007ffe4f8ba000 	C:\Windows\WinSxS\amd64_microsoft.windows.common-controls_6595b64144ccf1df_6.0.19041.1110_none_60b5254171f9507e\COMCTL32.dll
0x00007ffe64b40000 - 0x00007ffe64b6a000 	C:\Windows\System32\GDI32.dll
0x00007ffe634d0000 - 0x00007ffe635db000 	C:\Windows\System32\gdi32full.dll
0x00007ffe633a0000 - 0x00007ffe6343d000 	C:\Windows\System32\msvcp_win.dll
0x00007ffe58460000 - 0x00007ffe5846a000 	C:\Windows\SYSTEM32\VERSION.dll
0x00007ffe65460000 - 0x00007ffe65490000 	C:\Windows\System32\IMM32.DLL
0x00007ffe60850000 - 0x00007ffe6085c000 	C:\Program Files\Java\jdk-17.0.2\bin\vcruntime140_1.dll
0x00007ffe479d0000 - 0x00007ffe47a5d000 	C:\Program Files\Java\jdk-17.0.2\bin\msvcp140.dll
0x00007ffe06060000 - 0x00007ffe06c21000 	C:\Program Files\Java\jdk-17.0.2\bin\server\jvm.dll
0x00007ffe64b20000 - 0x00007ffe64b28000 	C:\Windows\System32\PSAPI.DLL
0x00007ffe5e030000 - 0x00007ffe5e039000 	C:\Windows\SYSTEM32\WSOCK32.dll
0x00007ffe583b0000 - 0x00007ffe583d7000 	C:\Windows\SYSTEM32\WINMM.dll
0x00007ffe64ab0000 - 0x00007ffe64b1b000 	C:\Windows\System32\WS2_32.dll
0x00007ffe60ff0000 - 0x00007ffe61002000 	C:\Windows\SYSTEM32\kernel.appcore.dll
0x00007ffe582a0000 - 0x00007ffe582aa000 	C:\Program Files\Java\jdk-17.0.2\bin\jimage.dll
0x00007ffe5ad80000 - 0x00007ffe5af64000 	C:\Windows\SYSTEM32\DBGHELP.DLL
0x00007ffe53ad0000 - 0x00007ffe53afc000 	C:\Windows\SYSTEM32\dbgcore.DLL
0x00007ffe63440000 - 0x00007ffe634c2000 	C:\Windows\System32\bcryptPrimitives.dll
0x00007ffe47ba0000 - 0x00007ffe47bc5000 	C:\Program Files\Java\jdk-17.0.2\bin\java.dll
0x00007ffe320e0000 - 0x00007ffe321b6000 	C:\Program Files\Java\jdk-17.0.2\bin\jsvml.dll
0x00007ffe64c50000 - 0x00007ffe65394000 	C:\Windows\System32\SHELL32.dll
0x00007ffe611f0000 - 0x00007ffe61984000 	C:\Windows\SYSTEM32\windows.storage.dll
0x00007ffe63bc0000 - 0x00007ffe63f14000 	C:\Windows\System32\combase.dll
0x00007ffe62b30000 - 0x00007ffe62b5c000 	C:\Windows\SYSTEM32\Wldp.dll
0x00007ffe653a0000 - 0x00007ffe6544d000 	C:\Windows\System32\SHCORE.dll
0x00007ffe654b0000 - 0x00007ffe65505000 	C:\Windows\System32\shlwapi.dll
0x00007ffe63010000 - 0x00007ffe6302f000 	C:\Windows\SYSTEM32\profapi.dll
0x00007ffe511b0000 - 0x00007ffe511c9000 	C:\Program Files\Java\jdk-17.0.2\bin\net.dll
0x00007ffe58740000 - 0x00007ffe5884a000 	C:\Windows\SYSTEM32\WINHTTP.dll
0x00007ffe62890000 - 0x00007ffe628fa000 	C:\Windows\system32\mswsock.dll
0x00007ffe4b310000 - 0x00007ffe4b326000 	C:\Program Files\Java\jdk-17.0.2\bin\nio.dll
0x00007ffe4a350000 - 0x00007ffe4a368000 	C:\Program Files\Java\jdk-17.0.2\bin\zip.dll
0x00007ffe15e40000 - 0x00007ffe15eb5000 	C:\Users\Ryan\AppData\Local\Temp\lwjglRyan\3.3.1-build-7\lwjgl.dll
0x00007ffe44430000 - 0x00007ffe4448d000 	C:\Users\Ryan\AppData\Local\Temp\lwjglRyan\3.3.1-build-7\lwjgl_opengl.dll
0x00007ffe2f7a0000 - 0x00007ffe2f8c6000 	C:\Windows\SYSTEM32\opengl32.dll
0x00007ffe2f230000 - 0x00007ffe2f25c000 	C:\Windows\SYSTEM32\GLU32.dll

dbghelp: loaded successfully - version: 4.0.5 - missing functions: none
symbol engine: initialized successfully - sym options: 0x614 - pdb path: .;C:\Program Files\Java\jdk-17.0.2\bin;C:\Windows\SYSTEM32;C:\Windows\WinSxS\amd64_microsoft.windows.common-controls_6595b64144ccf1df_6.0.19041.1110_none_60b5254171f9507e;C:\Program Files\Java\jdk-17.0.2\bin\server;C:\Users\Ryan\AppData\Local\Temp\lwjglRyan\3.3.1-build-7

VM Arguments:
jvm_args: -Dfile.encoding=Cp1252 -XX:+ShowCodeDetailsInExceptionMessages 
java_command: flex.RenderDemo
java_class_path (initial): C:\Users\Ryan\eclipse-workspace\Flex2D\bin;C:\Users\Ryan\eclipse-workspace\libraries\lwjgl\lwjgl\lwjgl.jar;C:\Users\Ryan\eclipse-workspace\libraries\lwjgl\lwjgl\lwjgl-natives-linux.jar;C:\Users\Ryan\eclipse-workspace\libraries\lwjgl\lwjgl\lwjgl-natives-linux-arm32.jar;C:\Users\Ryan\eclipse-workspace\libraries\lwjgl\lwjgl\lwjgl-natives-linux-arm64.jar;C:\Users\Ryan\eclipse-workspace\libraries\lwjgl\lwjgl\lwjgl-natives-macos.jar;C:\Users\Ryan\eclipse-workspace\libraries\lwjgl\lwjgl\lwjgl-natives-macos-arm64.jar;C:\Users\Ryan\eclipse-workspace\libraries\lwjgl\lwjgl\lwjgl-natives-windows.jar;C:\Users\Ryan\eclipse-workspace\libraries\lwjgl\lwjgl\lwjgl-natives-windows-arm64.jar;C:\Users\Ryan\eclipse-workspace\libraries\lwjgl\lwjgl\lwjgl-natives-windows-x86.jar;C:\Users\Ryan\eclipse-workspace\libraries\lwjgl\lwjgl-glfw\lwjgl-glfw.jar;C:\Users\Ryan\eclipse-workspace\libraries\lwjgl\lwjgl-glfw\lwjgl-glfw-natives-linux.jar;C:\Users\Ryan\eclipse-workspace\libraries\lwjgl\lwjgl-glfw\lwjgl-glfw-natives-linux-arm32.jar;C:\Users\Ryan\eclipse-workspace\libraries\lwjgl\lwjgl-glfw\lwjgl-glfw-natives-linux-arm64.jar;C:\Users\Ryan\eclipse-workspace\libraries\lwjgl\lwjgl-glfw\lwjgl-glfw-natives-macos.jar;C:\Users\Ryan\eclipse-workspace\libraries\lwjgl\lwjgl-glfw\lwjgl-glfw-natives-macos-arm64.jar;C:\Users\Ryan\eclipse-workspace\libraries\lwjgl\lwjgl-glfw\lwjgl-glfw-natives-windows.jar;C:\Users\Ryan\eclipse-workspace\libraries\lwjgl\lwjgl-glfw\lwjgl-glfw-natives-windows-arm64.jar;C:\Users\Ryan\eclipse-workspace\libraries\lwjgl\lwjgl-glfw\lwjgl-glfw-natives-windows-x86.jar;C:\Users\Ryan\eclipse-workspace\libraries\lwjgl\lwjgl-opengl\lwjgl-opengl.jar;C:\Users\Ryan\eclipse-workspace\libraries\lwjgl\lwjgl-opengl\lwjgl-opengl-natives-linux.jar;C:\Users\Ryan\eclipse-workspace\libraries\lwjgl\lwjgl-opengl\lwjgl-opengl-natives-linux-arm32.jar;C:\Users\Ryan\eclipse-workspace\libraries\lwjgl\lwjgl-opengl\lwjgl-opengl-natives-linux-arm64.jar;C:\Users\Ryan\eclipse-worksp
Launcher Type: SUN_STANDARD

[Global flags]
     intx CICompilerCount                          = 12                                        {product} {ergonomic}
     uint ConcGCThreads                            = 5                                         {product} {ergonomic}
     uint G1ConcRefinementThreads                  = 18                                        {product} {ergonomic}
   size_t G1HeapRegionSize                         = 8388608                                   {product} {ergonomic}
    uintx GCDrainStackTargetSize                   = 64                                        {product} {ergonomic}
   size_t InitialHeapSize                          = 1073741824                                {product} {ergonomic}
   size_t MarkStackSize                            = 4194304                                   {product} {ergonomic}
   size_t MaxHeapSize                              = 17154703360                               {product} {ergonomic}
   size_t MaxNewSize                               = 10292822016                               {product} {ergonomic}
   size_t MinHeapDeltaBytes                        = 8388608                                   {product} {ergonomic}
   size_t MinHeapSize                              = 8388608                                   {product} {ergonomic}
    uintx NonNMethodCodeHeapSize                   = 7602480                                {pd product} {ergonomic}
    uintx NonProfiledCodeHeapSize                  = 122027880                              {pd product} {ergonomic}
    uintx ProfiledCodeHeapSize                     = 122027880                              {pd product} {ergonomic}
    uintx ReservedCodeCacheSize                    = 251658240                              {pd product} {ergonomic}
     bool SegmentedCodeCache                       = true                                      {product} {ergonomic}
     bool ShowCodeDetailsInExceptionMessages       = true                                   {manageable} {command line}
   size_t SoftMaxHeapSize                          = 17154703360                            {manageable} {ergonomic}
     bool UseCompressedClassPointers               = true                           {product lp64_product} {ergonomic}
     bool UseCompressedOops                        = true                           {product lp64_product} {ergonomic}
     bool UseG1GC                                  = true                                      {product} {ergonomic}
     bool UseLargePagesIndividualAllocation        = false                                  {pd product} {ergonomic}

Logging:
Log output configuration:
 #0: stdout all=warning uptime,level,tags
 #1: stderr all=off uptime,level,tags

Environment Variables:
PATH=C:/Users/Ryan/.p2/pool/plugins/org.eclipse.justj.openjdk.hotspot.jre.full.win32.x86_64_15.0.1.v20201027-0507/jre/bin/server;C:/Users/Ryan/.p2/pool/plugins/org.eclipse.justj.openjdk.hotspot.jre.full.win32.x86_64_15.0.1.v20201027-0507/jre/bin;C:\Program Files (x86)\NVIDIA Corporation\PhysX\Common;C:\Program Files\Common Files\Oracle\Java\javapath;C:\Program Files (x86)\Common Files\Oracle\Java\javapath;C:\Windows\system32;C:\Windows;C:\Windows\System32\Wbem;C:\Windows\System32\WindowsPowerShell\v1.0\;C:\Windows\System32\OpenSSH\;C:\Program Files\Git\cmd;C:\Program Files\Mullvad VPN\resources;C:\Program Files\dotnet\;C:\Users\Ryan\AppData\Local\Microsoft\WindowsApps;;C:\Windows\system32;
USERNAME=Ryan
OS=Windows_NT
PROCESSOR_IDENTIFIER=AMD64 Family 23 Model 113 Stepping 0, AuthenticAMD



---------------  S Y S T E M  ---------------

OS:
 Windows 10 , 64 bit Build 19041 (10.0.19041.1741)
OS uptime: 4 days 8:41 hours

CPU: total 24 (initial active 24) (24 cores per cpu, 2 threads per core) family 23 model 113 stepping 0 microcode 0x0, cx8, cmov, fxsr, ht, mmx, 3dnowpref, sse, sse2, sse3, ssse3, sse4a, sse4.1, sse4.2, popcnt, lzcnt, tsc, tscinvbit, avx, avx2, aes, clmul, bmi1, bmi2, adx, sha, fma, vzeroupper, clflush, clflushopt

Memory: 4k page, system-wide physical 65422M (50416M free)
TotalPageFile size 75150M (AvailPageFile size 52754M)
current process WorkingSet (physical memory assigned to process): 45M, peak: 45M
current process commit charge ("private bytes"): 1169M, peak: 1169M

vm_info: Java HotSpot(TM) 64-Bit Server VM (17.0.2+8-LTS-86) for windows-amd64 JRE (17.0.2+8-LTS-86), built on Dec  7 2021 21:51:03 by "mach5one" with MS VC++ 16.8 / 16.9 (VS2019)

END.
